<?xml version="1.0" encoding="UTF-8"?>
<testng-results skipped="0" failed="0" ignored="0" total="1" passed="1">
  <reporter-output>
  </reporter-output>
  <suite name="Default suite" duration-ms="6225" started-at="2022-10-29T17:45:29Z" finished-at="2022-10-29T17:45:35Z">
    <groups>
    </groups>
    <test name="Default test" duration-ms="6225" started-at="2022-10-29T17:45:29Z" finished-at="2022-10-29T17:45:35Z">
      <class name="com.qa.api.testcases.TestGet">
        <test-method status="PASS" signature="Booksdata()[pri:0, instance:com.qa.api.testcases.TestGet@15975490]" name="Booksdata" duration-ms="6201" started-at="2022-10-29T23:15:29Z" finished-at="2022-10-29T23:15:35Z">
          <reporter-output>
          </reporter-output>
        </test-method> <!-- Booksdata -->
      </class> <!-- com.qa.api.testcases.TestGet -->
    </test> <!-- Default test -->
  </suite> <!-- Default suite -->
</testng-results>
