<?xml version="1.0" encoding="UTF-8"?>
<testng-results ignored="0" total="1" passed="1" failed="0" skipped="0">
  <reporter-output>
  </reporter-output>
  <suite started-at="2022-10-29T17:11:57Z" name="Default suite" finished-at="2022-10-29T17:12:02Z" duration-ms="4438">
    <groups>
    </groups>
    <test started-at="2022-10-29T17:11:57Z" name="Default test" finished-at="2022-10-29T17:12:02Z" duration-ms="4438">
      <class name="com.qa.api.testcases.TestGet">
        <test-method signature="Booksdata()[pri:0, instance:com.qa.api.testcases.TestGet@479ceda0]" started-at="2022-10-29T22:41:57Z" name="Booksdata" finished-at="2022-10-29T22:42:02Z" duration-ms="4414" status="PASS">
          <reporter-output>
          </reporter-output>
        </test-method> <!-- Booksdata -->
      </class> <!-- com.qa.api.testcases.TestGet -->
    </test> <!-- Default test -->
  </suite> <!-- Default suite -->
</testng-results>
