<?xml version="1.0" encoding="UTF-8"?>
<testng-results ignored="0" total="1" passed="1" failed="0" skipped="0">
  <reporter-output>
  </reporter-output>
  <suite started-at="2022-10-31T12:59:19Z" name="Default suite" finished-at="2022-10-31T13:00:02Z" duration-ms="42571">
    <groups>
    </groups>
    <test started-at="2022-10-31T12:59:19Z" name="Default test" finished-at="2022-10-31T13:00:02Z" duration-ms="42571">
      <class name="com.qa.api.testcases.TestGet">
        <test-method signature="Booksdata()[pri:0, instance:com.qa.api.testcases.TestGet@479ceda0]" started-at="2022-10-31T18:29:19Z" name="Booksdata" finished-at="2022-10-31T18:30:02Z" duration-ms="42552" status="PASS">
          <reporter-output>
          </reporter-output>
        </test-method> <!-- Booksdata -->
      </class> <!-- com.qa.api.testcases.TestGet -->
    </test> <!-- Default test -->
  </suite> <!-- Default suite -->
</testng-results>
